<?xml version="1.0" encoding="UTF-8"?>
<testng-results skipped="0" failed="0" total="2" passed="2">
  <reporter-output>
  </reporter-output>
  <suite name="Suite" duration-ms="132915" started-at="2019-04-14T18:31:59Z" finished-at="2019-04-14T18:34:12Z">
    <groups>
    </groups>
    <test name="Test" duration-ms="132915" started-at="2019-04-14T18:31:59Z" finished-at="2019-04-14T18:34:12Z">
      <class name="Academy.HomePage">
        <test-method status="PASS" signature="basePageNavigation(java.lang.String, java.lang.String)[pri:0, instance:Academy.HomePage@4cb2c100]" name="basePageNavigation" duration-ms="75358" started-at="2019-04-15T00:01:59Z" data-provider="getData" finished-at="2019-04-15T00:03:14Z">
          <params>
            <param index="0">
              <value>
                <![CDATA[user1]]>
              </value>
            </param>
            <param index="1">
              <value>
                <![CDATA[pwd1]]>
              </value>
            </param>
          </params>
          <reporter-output>
          </reporter-output>
        </test-method> <!-- basePageNavigation -->
        <test-method status="PASS" signature="basePageNavigation(java.lang.String, java.lang.String)[pri:0, instance:Academy.HomePage@4cb2c100]" name="basePageNavigation" duration-ms="57504" started-at="2019-04-15T00:03:14Z" data-provider="getData" finished-at="2019-04-15T00:04:12Z">
          <params>
            <param index="0">
              <value>
                <![CDATA[user2]]>
              </value>
            </param>
            <param index="1">
              <value>
                <![CDATA[pwd2]]>
              </value>
            </param>
          </params>
          <reporter-output>
          </reporter-output>
        </test-method> <!-- basePageNavigation -->
      </class> <!-- Academy.HomePage -->
    </test> <!-- Test -->
  </suite> <!-- Suite -->
</testng-results>
